=== Engine Log Started ===
[01:30:54] [INFO ] [PlayState] Session started
[01:30:54] [INFO ] [Diag] FrameLogger auto-started: frames_1774139454.csv
[01:30:54] [INFO ] [Diag] InputRecorder auto-started: input_1774139454.inp
[01:30:54] [INFO ] [PlayState] TileMap background initialized (40x30, parallax 0.3)
[01:30:54] [INFO ] [Engine] Game Loop iniciado (Fixed Timestep: 16.6667 ms)
[01:31:10] [WARN ] [SpatialHash] Entity 0 out of grid bounds (AABB: -4.674394,632.989136 -> 23.325577,660.989136)
[01:31:10] [WARN ] [SpatialHash] Entity 0 out of grid bounds (AABB: -16.711432,630.147339 -> 11.288538,658.147339)
[01:31:10] [WARN ] [SpatialHash] Entity 0 out of grid bounds (AABB: -28.748470,627.329163 -> -0.748500,655.329163)
[01:31:10] [WARN ] [SpatialHash] Entity 0 out of grid bounds (AABB: -40.785507,624.534363 -> -12.785538,652.534363)
[01:31:10] [WARN ] [SpatialHash] Entity 0 out of grid bounds (AABB: -52.081802,621.762756 -> -24.081833,649.762756)
[01:31:10] [WARN ] [SpatialHash] Entity 0 out of grid bounds (AABB: -64.489212,619.014160 -> -36.489243,647.014160)
[01:31:10] [WARN ] [SpatialHash] Entity 0 out of grid bounds (AABB: -76.526245,616.288330 -> -48.526279,644.288330)
[01:31:10] [WARN ] [SpatialHash] Entity 0 out of grid bounds (AABB: -87.822548,613.585144 -> -59.822578,641.585144)
[01:31:10] [WARN ] [SpatialHash] Entity 0 out of grid bounds (AABB: -99.489212,610.904419 -> -71.489243,638.904419)
[01:31:10] [WARN ] [SpatialHash] Entity 0 out of grid bounds (AABB: -110.415138,608.245911 -> -82.415169,636.245911)
[01:31:10] [WARN ] [SpatialHash] Entity 0 out of grid bounds (AABB: -120.970695,605.609497 -> -92.970726,633.609497)
[01:31:10] [WARN ] [SpatialHash] Entity 0 out of grid bounds (AABB: -129.304031,602.994934 -> -101.304062,630.994934)
[01:31:10] [WARN ] [SpatialHash] Entity 0 out of grid bounds (AABB: -133.864502,600.402100 -> -105.864532,628.402100)
[01:31:10] [WARN ] [SpatialHash] Entity 0 out of grid bounds (AABB: -135.424164,597.830750 -> -107.424194,625.830750)
[01:31:10] [WARN ] [SpatialHash] Entity 0 out of grid bounds (AABB: -132.896820,595.280762 -> -104.896843,623.280762)
[01:31:10] [WARN ] [SpatialHash] Entity 0 out of grid bounds (AABB: -127.057098,592.751892 -> -99.057129,620.751892)
[01:31:10] [WARN ] [SpatialHash] Entity 0 out of grid bounds (AABB: -117.932510,590.244019 -> -89.932541,618.244019)
[01:31:10] [WARN ] [SpatialHash] Entity 0 out of grid bounds (AABB: -106.265846,587.756958 -> -78.265877,615.756958)
[01:31:10] [WARN ] [SpatialHash] Entity 0 out of grid bounds (AABB: -94.228806,585.290527 -> -66.228836,613.290527)
[01:31:10] [WARN ] [SpatialHash] Entity 0 out of grid bounds (AABB: -82.191765,582.844604 -> -54.191795,610.844604)
[01:31:10] [WARN ] [SpatialHash] Entity 0 out of grid bounds (AABB: -70.154724,580.418945 -> -42.154758,608.418945)
[01:31:10] [WARN ] [SpatialHash] Entity 0 out of grid bounds (AABB: -58.488060,578.013428 -> -30.488092,606.013428)
[01:31:10] [WARN ] [SpatialHash] Entity 0 out of grid bounds (AABB: -46.821392,575.627869 -> -18.821423,603.627869)
[01:31:10] [WARN ] [SpatialHash] Entity 0 out of grid bounds (AABB: -34.413982,573.262085 -> -6.414013,601.262085)
[01:31:11] [WARN ] [SpatialHash] Entity 0 out of grid bounds (AABB: -22.006573,570.915955 -> 5.993396,598.915955)
[01:31:11] [WARN ] [SpatialHash] Entity 0 out of grid bounds (AABB: -9.969536,568.589294 -> 18.030434,596.589294)
[01:31:11] [WARN ] [SpatialHash] Entity 0 out of grid bounds (AABB: -10.883038,535.919128 -> 17.116932,563.919128)
[01:31:11] [WARN ] [SpatialHash] Entity 0 out of grid bounds (AABB: -23.290447,533.882935 -> 4.709523,561.882935)
[01:31:11] [WARN ] [SpatialHash] Entity 0 out of grid bounds (AABB: -34.216373,531.863586 -> -6.216404,559.863586)
[01:31:11] [WARN ] [SpatialHash] Entity 0 out of grid bounds (AABB: -45.142300,529.861023 -> -17.142330,557.861023)
[01:31:11] [WARN ] [SpatialHash] Entity 0 out of grid bounds (AABB: -53.475632,527.875061 -> -25.475662,555.875061)
[01:31:11] [WARN ] [SpatialHash] Entity 0 out of grid bounds (AABB: -61.739811,525.905579 -> -33.739841,553.905579)
[01:31:11] [WARN ] [SpatialHash] Entity 0 out of grid bounds (AABB: -69.935410,523.952454 -> -41.935440,551.952454)
[01:31:11] [WARN ] [SpatialHash] Entity 0 out of grid bounds (AABB: -78.062996,522.015564 -> -50.063026,550.015564)
[01:31:11] [WARN ] [SpatialHash] Entity 0 out of grid bounds (AABB: -86.123131,520.094727 -> -58.123161,548.094727)
[01:31:11] [WARN ] [SpatialHash] Entity 0 out of grid bounds (AABB: -94.116379,518.189819 -> -66.116409,546.189819)
[01:31:11] [WARN ] [SpatialHash] Entity 0 out of grid bounds (AABB: -102.043289,516.300720 -> -74.043320,544.300720)
[01:31:11] [WARN ] [SpatialHash] Entity 0 out of grid bounds (AABB: -109.904419,514.427307 -> -81.904449,542.427307)
[01:31:11] [WARN ] [SpatialHash] Entity 0 out of grid bounds (AABB: -117.700310,512.569458 -> -89.700340,540.569458)
[01:31:11] [WARN ] [SpatialHash] Entity 0 out of grid bounds (AABB: -125.431503,510.726990 -> -97.431534,538.726990)
[01:31:11] [WARN ] [SpatialHash] Entity 0 out of grid bounds (AABB: -133.098541,508.899841 -> -105.098572,536.899841)
[01:31:11] [WARN ] [SpatialHash] Entity 0 out of grid bounds (AABB: -140.701950,507.087830 -> -112.701981,535.087830)
[01:31:11] [WARN ] [SpatialHash] Entity 0 out of grid bounds (AABB: -148.242264,505.290894 -> -120.242294,533.290894)
[01:31:11] [WARN ] [SpatialHash] Entity 0 out of grid bounds (AABB: -155.720001,503.508850 -> -127.720032,531.508850)
[01:31:11] [WARN ] [SpatialHash] Entity 0 out of grid bounds (AABB: -163.135681,501.741577 -> -135.135712,529.741577)
[01:31:11] [WARN ] [SpatialHash] Entity 0 out of grid bounds (AABB: -170.489822,499.989014 -> -142.489853,527.989014)
[01:31:11] [WARN ] [SpatialHash] Entity 0 out of grid bounds (AABB: -177.782928,498.250977 -> -149.782959,526.250977)
[01:31:11] [WARN ] [SpatialHash] Entity 0 out of grid bounds (AABB: -185.015518,496.527344 -> -157.015549,524.527344)
[01:31:11] [WARN ] [SpatialHash] Entity 0 out of grid bounds (AABB: -192.188080,494.818024 -> -164.188110,522.817993)
[01:31:11] [WARN ] [SpatialHash] Entity 0 out of grid bounds (AABB: -199.301132,493.122925 -> -171.301163,521.122864)
[01:31:11] [WARN ] [SpatialHash] Entity 0 out of grid bounds (AABB: -206.355148,491.441864 -> -178.355179,519.441772)
[01:31:11] [WARN ] [SpatialHash] Entity 0 out of grid bounds (AABB: -213.350632,489.774780 -> -185.350662,517.774658)
[01:31:11] [WARN ] [SpatialHash] Entity 0 out of grid bounds (AABB: -220.288055,488.121490 -> -192.288086,516.121338)
[01:31:11] [WARN ] [SpatialHash] Entity 0 out of grid bounds (AABB: -227.167908,486.481934 -> -199.167938,514.481812)
[01:31:11] [WARN ] [SpatialHash] Entity 0 out of grid bounds (AABB: -233.990662,484.855988 -> -205.990692,512.855835)
[01:31:11] [WARN ] [SpatialHash] Entity 0 out of grid bounds (AABB: -240.756805,483.243530 -> -212.756836,511.243408)
[01:31:11] [WARN ] [SpatialHash] Entity 0 out of grid bounds (AABB: -247.466797,481.644440 -> -219.466827,509.644318)
[01:31:11] [WARN ] [SpatialHash] Entity 0 out of grid bounds (AABB: -254.121109,480.058624 -> -226.121140,508.058502)
[01:31:11] [WARN ] [SpatialHash] Entity 0 out of grid bounds (AABB: -260.720215,478.485962 -> -232.720230,506.485840)
[01:31:11] [WARN ] [SpatialHash] Entity 0 out of grid bounds (AABB: -267.264526,476.926361 -> -239.264526,504.926239)
[01:31:11] [WARN ] [SpatialHash] Entity 0 out of grid bounds (AABB: -273.754547,475.379700 -> -245.754547,503.379578)
[01:31:11] [WARN ] [SpatialHash] Entity 0 out of grid bounds (AABB: -280.190704,473.845886 -> -252.190704,501.845764)
[01:31:11] [WARN ] [SpatialHash] Entity 0 out of grid bounds (AABB: -286.573456,472.324799 -> -258.573456,500.324677)
[01:31:11] [WARN ] [SpatialHash] Entity 0 out of grid bounds (AABB: -292.903229,470.816315 -> -264.903229,498.816193)
[01:31:11] [WARN ] [SpatialHash] Entity 0 out of grid bounds (AABB: -299.180481,469.320374 -> -271.180481,497.320251)
[01:31:11] [WARN ] [SpatialHash] Entity 0 out of grid bounds (AABB: -305.405640,467.836823 -> -277.405640,495.836700)
[01:31:11] [WARN ] [SpatialHash] Entity 0 out of grid bounds (AABB: -311.579132,466.365601 -> -283.579132,494.365479)
[01:31:11] [WARN ] [SpatialHash] Entity 0 out of grid bounds (AABB: -317.701385,464.906586 -> -289.701385,492.906464)
[01:31:11] [WARN ] [SpatialHash] Entity 0 out of grid bounds (AABB: -323.772827,463.459686 -> -295.772827,491.459564)
[01:31:11] [WARN ] [SpatialHash] Entity 0 out of grid bounds (AABB: -329.793884,462.024780 -> -301.793884,490.024658)
[01:31:12] [WARN ] [SpatialHash] Entity 0 out of grid bounds (AABB: -335.764984,460.601776 -> -307.764984,488.601654)
[01:31:12] [WARN ] [SpatialHash] Entity 0 out of grid bounds (AABB: -338.723572,459.190582 -> -310.723572,487.190460)
[01:31:12] [WARN ] [SpatialHash] Entity 0 out of grid bounds (AABB: -337.953888,457.791107 -> -309.953888,485.790985)
[01:31:12] [WARN ] [SpatialHash] Entity 0 out of grid bounds (AABB: -333.486908,456.403259 -> -305.486908,484.403137)
[01:31:12] [WARN ] [SpatialHash] Entity 0 out of grid bounds (AABB: -325.353271,455.026917 -> -297.353271,483.026794)
[01:31:12] [WARN ] [SpatialHash] Entity 0 out of grid bounds (AABB: -313.583435,453.661987 -> -285.583435,481.661865)
[01:31:12] [WARN ] [SpatialHash] Entity 0 out of grid bounds (AABB: -301.916779,452.308380 -> -273.916779,480.308258)
[01:31:12] [WARN ] [SpatialHash] Entity 0 out of grid bounds (AABB: -289.509369,450.966003 -> -261.509369,478.965881)
[01:31:12] [WARN ] [SpatialHash] Entity 0 out of grid bounds (AABB: -277.101959,449.634796 -> -249.101959,477.634674)
[01:31:12] [WARN ] [SpatialHash] Entity 0 out of grid bounds (AABB: -264.694550,448.314636 -> -236.694550,476.314514)
[01:31:12] [WARN ] [SpatialHash] Entity 0 out of grid bounds (AABB: -253.027878,447.005432 -> -225.027878,475.005310)
[01:31:12] [WARN ] [SpatialHash] Entity 0 out of grid bounds (AABB: -241.361206,445.707092 -> -213.361206,473.706970)
[01:31:12] [WARN ] [SpatialHash] Entity 0 out of grid bounds (AABB: -230.805649,444.419525 -> -202.805649,472.419403)
[01:31:12] [WARN ] [SpatialHash] Entity 0 out of grid bounds (AABB: -222.472321,443.142639 -> -194.472321,471.142517)
[01:31:12] [WARN ] [SpatialHash] Entity 0 out of grid bounds (AABB: -214.208145,441.876343 -> -186.208145,469.876221)
[01:31:12] [WARN ] [SpatialHash] Entity 0 out of grid bounds (AABB: -206.012543,440.620544 -> -178.012543,468.620422)
[01:31:12] [WARN ] [SpatialHash] Entity 0 out of grid bounds (AABB: -197.884964,439.375183 -> -169.884964,467.375061)
[01:31:12] [WARN ] [SpatialHash] Entity 0 out of grid bounds (AABB: -189.824829,438.140137 -> -161.824829,466.140015)
[01:31:12] [WARN ] [SpatialHash] Entity 0 out of grid bounds (AABB: -181.831589,436.915344 -> -153.831589,464.915222)
[01:31:12] [WARN ] [SpatialHash] Entity 0 out of grid bounds (AABB: -173.904678,435.700714 -> -145.904678,463.700592)
[01:31:12] [WARN ] [SpatialHash] Entity 0 out of grid bounds (AABB: -166.043549,434.496185 -> -138.043549,462.496063)
[01:31:12] [WARN ] [SpatialHash] Entity 0 out of grid bounds (AABB: -158.247650,433.301636 -> -130.247650,461.301514)
[01:31:12] [WARN ] [SpatialHash] Entity 0 out of grid bounds (AABB: -150.516449,432.117004 -> -122.516449,460.116882)
[01:31:12] [WARN ] [SpatialHash] Entity 0 out of grid bounds (AABB: -142.849411,430.942200 -> -114.849411,458.942078)
[01:31:12] [WARN ] [SpatialHash] Entity 0 out of grid bounds (AABB: -135.246002,429.777161 -> -107.246002,457.777039)
[01:31:12] [WARN ] [SpatialHash] Entity 0 out of grid bounds (AABB: -127.705688,428.621765 -> -99.705688,456.621643)
[01:31:12] [WARN ] [SpatialHash] Entity 0 out of grid bounds (AABB: -120.227951,427.475983 -> -92.227951,455.475861)
[01:31:12] [WARN ] [SpatialHash] Entity 0 out of grid bounds (AABB: -112.812271,426.339691 -> -84.812271,454.339569)
[01:31:12] [WARN ] [SpatialHash] Entity 0 out of grid bounds (AABB: -105.458130,425.212830 -> -77.458130,453.212708)
[01:31:12] [WARN ] [SpatialHash] Entity 0 out of grid bounds (AABB: -98.165016,424.095337 -> -70.165016,452.095215)
[01:31:12] [WARN ] [SpatialHash] Entity 0 out of grid bounds (AABB: -90.932426,422.987122 -> -62.932426,450.987000)
[01:31:12] [WARN ] [SpatialHash] Entity 0 out of grid bounds (AABB: -83.759857,421.888092 -> -55.759857,449.887970)
[01:31:12] [WARN ] [SpatialHash] Entity 0 out of grid bounds (AABB: -76.646812,420.798187 -> -48.646812,448.798065)
[01:31:12] [WARN ] [SpatialHash] Entity 0 out of grid bounds (AABB: -67.740944,419.717316 -> -39.740944,447.717194)
[01:31:12] [WARN ] [SpatialHash] Entity 0 out of grid bounds (AABB: -56.074276,418.645416 -> -28.074276,446.645294)
[01:31:12] [WARN ] [SpatialHash] Entity 0 out of grid bounds (AABB: -44.037239,417.582428 -> -16.037239,445.582306)
[01:31:12] [WARN ] [SpatialHash] Entity 0 out of grid bounds (AABB: -31.629829,416.528259 -> -3.629829,444.528137)
[01:31:12] [WARN ] [SpatialHash] Entity 0 out of grid bounds (AABB: -19.222420,415.482819 -> 8.777579,443.482697)
[01:31:12] [WARN ] [SpatialHash] Entity 0 out of grid bounds (AABB: -6.815012,414.446075 -> 21.184988,442.445953)
[01:31:13] [WARN ] [SpatialHash] Entity 0 out of grid bounds (AABB: -1.539455,373.601044 -> 26.460552,401.600922)
[01:31:13] [WARN ] [SpatialHash] Entity 0 out of grid bounds (AABB: -8.652501,372.911865 -> 19.347507,400.911743)
[01:31:13] [WARN ] [SpatialHash] Entity 0 out of grid bounds (AABB: -15.706518,372.228394 -> 12.293489,400.228271)
[01:31:13] [WARN ] [SpatialHash] Entity 0 out of grid bounds (AABB: -22.701996,371.550598 -> 5.298013,399.550476)
[01:31:13] [WARN ] [SpatialHash] Entity 0 out of grid bounds (AABB: -29.639420,370.878418 -> -1.639412,398.878296)
[01:31:13] [WARN ] [SpatialHash] Entity 0 out of grid bounds (AABB: -36.519272,370.211823 -> -8.519264,398.211700)
[01:31:13] [WARN ] [SpatialHash] Entity 0 out of grid bounds (AABB: -43.342030,369.550751 -> -15.342022,397.550629)
[01:31:13] [WARN ] [SpatialHash] Entity 0 out of grid bounds (AABB: -50.108170,368.895172 -> -22.108162,396.895050)
[01:31:13] [WARN ] [SpatialHash] Entity 0 out of grid bounds (AABB: -56.818157,368.245026 -> -28.818150,396.244904)
[01:31:13] [WARN ] [SpatialHash] Entity 0 out of grid bounds (AABB: -63.472462,367.600281 -> -35.472454,395.600159)
[01:31:13] [WARN ] [SpatialHash] Entity 0 out of grid bounds (AABB: -70.071548,366.960876 -> -42.071537,394.960754)
[01:31:13] [WARN ] [SpatialHash] Entity 0 out of grid bounds (AABB: -73.652901,366.326782 -> -45.652893,394.326660)
[01:31:13] [WARN ] [SpatialHash] Entity 0 out of grid bounds (AABB: -73.871201,365.697968 -> -45.871193,393.697845)
[01:31:13] [WARN ] [SpatialHash] Entity 0 out of grid bounds (AABB: -70.754356,365.074371 -> -42.754349,393.074249)
[01:31:13] [WARN ] [SpatialHash] Entity 0 out of grid bounds (AABB: -63.959675,364.455933 -> -35.959667,392.455811)
[01:31:13] [WARN ] [SpatialHash] Entity 0 out of grid bounds (AABB: -54.258415,363.842621 -> -26.258408,391.842499)
[01:31:13] [WARN ] [SpatialHash] Entity 0 out of grid bounds (AABB: -42.591747,363.234406 -> -14.591740,391.234283)
[01:31:13] [WARN ] [SpatialHash] Entity 0 out of grid bounds (AABB: -33.888042,362.631256 -> -5.888035,390.631134)
[01:31:13] [WARN ] [SpatialHash] Entity 0 out of grid bounds (AABB: -25.554708,362.033112 -> 2.445299,390.032990)
[01:31:13] [WARN ] [SpatialHash] Entity 0 out of grid bounds (AABB: -17.290531,361.439911 -> 10.709477,389.439789)
[01:31:13] [WARN ] [SpatialHash] Entity 0 out of grid bounds (AABB: -9.094934,360.851654 -> 18.905075,388.851532)
[01:31:13] [WARN ] [SpatialHash] Entity 0 out of grid bounds (AABB: -0.967350,360.268280 -> 27.032658,388.268158)
[01:31:17] [WARN ] [SpatialHash] Entity 0 out of grid bounds (AABB: -8.750327,682.244629 -> 19.249641,710.244507)
[01:31:17] [WARN ] [SpatialHash] Entity 0 out of grid bounds (AABB: -20.046623,681.616089 -> 7.953345,709.615967)
[01:31:17] [WARN ] [SpatialHash] Entity 0 out of grid bounds (AABB: -31.713291,680.992798 -> -3.713322,708.992676)
[01:31:17] [WARN ] [SpatialHash] Entity 0 out of grid bounds (AABB: -42.639217,680.374634 -> -14.639248,708.374512)
[01:31:17] [WARN ] [SpatialHash] Entity 0 out of grid bounds (AABB: -53.935516,679.761597 -> -25.935547,707.761475)
[01:31:17] [WARN ] [SpatialHash] Entity 0 out of grid bounds (AABB: -65.602188,679.153687 -> -37.602215,707.153564)
[01:31:17] [WARN ] [SpatialHash] Entity 0 out of grid bounds (AABB: -76.898483,678.550781 -> -48.898514,706.550659)
[01:31:17] [WARN ] [SpatialHash] Entity 0 out of grid bounds (AABB: -87.824409,677.952881 -> -59.824440,705.952759)
[01:31:17] [WARN ] [SpatialHash] Entity 0 out of grid bounds (AABB: -96.157745,677.359985 -> -68.157776,705.359863)
[01:31:17] [WARN ] [SpatialHash] Entity 0 out of grid bounds (AABB: -104.421921,676.771973 -> -76.421951,704.771851)
[01:31:17] [WARN ] [SpatialHash] Entity 0 out of grid bounds (AABB: -112.617516,676.188843 -> -84.617546,704.188721)
[01:31:17] [WARN ] [SpatialHash] Entity 0 out of grid bounds (AABB: -120.745102,675.610596 -> -92.745132,703.610474)
[01:31:18] [WARN ] [SpatialHash] Entity 0 out of grid bounds (AABB: -128.805237,675.037109 -> -100.805267,703.036987)
[01:31:18] [WARN ] [SpatialHash] Entity 0 out of grid bounds (AABB: -136.798492,674.468384 -> -108.798515,702.468262)
[01:31:18] [WARN ] [SpatialHash] Entity 0 out of grid bounds (AABB: -144.725403,673.904358 -> -116.725433,701.904236)
[01:31:18] [WARN ] [SpatialHash] Entity 0 out of grid bounds (AABB: -151.845795,673.345032 -> -123.845825,701.344910)
[01:31:18] [WARN ] [SpatialHash] Entity 0 out of grid bounds (AABB: -155.573761,672.790344 -> -127.573792,700.790222)
[01:31:18] [WARN ] [SpatialHash] Entity 0 out of grid bounds (AABB: -155.937454,672.240295 -> -127.937485,700.240173)
[01:31:18] [WARN ] [SpatialHash] Entity 0 out of grid bounds (AABB: -153.335159,671.694763 -> -125.335190,699.694641)
[01:31:18] [WARN ] [SpatialHash] Entity 0 out of grid bounds (AABB: -147.421127,671.153809 -> -119.421158,699.153687)
[01:31:18] [WARN ] [SpatialHash] Entity 0 out of grid bounds (AABB: -138.222839,670.617310 -> -110.222878,698.617188)
[01:31:18] [WARN ] [SpatialHash] Entity 0 out of grid bounds (AABB: -127.296921,670.085266 -> -99.296951,698.085144)
[01:31:18] [WARN ] [SpatialHash] Entity 0 out of grid bounds (AABB: -116.000626,669.557617 -> -88.000656,697.557495)
[01:31:18] [WARN ] [SpatialHash] Entity 0 out of grid bounds (AABB: -103.963585,669.034363 -> -75.963615,697.034241)
[01:31:18] [WARN ] [SpatialHash] Entity 0 out of grid bounds (AABB: -91.926544,668.515442 -> -63.926575,696.515320)
[01:31:18] [WARN ] [SpatialHash] Entity 0 out of grid bounds (AABB: -82.111725,668.000854 -> -54.111755,696.000732)
[01:31:18] [WARN ] [SpatialHash] Entity 0 out of grid bounds (AABB: -73.778389,667.490540 -> -45.778419,695.490417)
[01:31:18] [WARN ] [SpatialHash] Entity 0 out of grid bounds (AABB: -65.514206,666.984436 -> -37.514240,694.984314)
[01:31:18] [WARN ] [SpatialHash] Entity 0 out of grid bounds (AABB: -57.318611,666.482544 -> -29.318644,694.482422)
[01:31:18] [WARN ] [SpatialHash] Entity 0 out of grid bounds (AABB: -49.191029,665.984802 -> -21.191059,693.984680)
[01:31:18] [WARN ] [SpatialHash] Entity 0 out of grid bounds (AABB: -41.130894,665.491211 -> -13.130924,693.491089)
[01:31:18] [WARN ] [SpatialHash] Entity 0 out of grid bounds (AABB: -33.137650,665.001709 -> -5.137678,693.001587)
[01:31:18] [WARN ] [SpatialHash] Entity 0 out of grid bounds (AABB: -25.210735,664.516296 -> 2.789235,692.516174)
[01:31:18] [WARN ] [SpatialHash] Entity 0 out of grid bounds (AABB: -17.349606,664.034912 -> 10.650364,692.034790)
[01:31:18] [WARN ] [SpatialHash] Entity 0 out of grid bounds (AABB: -9.553713,663.557495 -> 18.446257,691.557373)
[01:31:18] [WARN ] [SpatialHash] Entity 0 out of grid bounds (AABB: -1.822515,663.084045 -> 26.177454,691.083923)
[01:31:21] [INFO ] [Play3DState] === ALL SYSTEMS GO ===
[01:31:21] [INFO ] [SceneSetup3D] Renderer subsystems initialized (1024x768)
[01:31:21] [INFO ] [SceneSetup3D] HDRI IBL loaded OK
[01:31:21] [INFO ] [SceneSetup3D] Meshes created (sphere LOD 3x, cube, plane, particle)
[01:31:21] [INFO ] [Play3DState] Ready! Entities: 17 | SceneGraph: 71 | Pool: 200
[01:31:21] [WARN ] [Engine] deltaTime capped (posible lag o ventana movida)
[01:31:39] [INFO ] [Engine] Game Loop terminado
[01:31:39] [INFO ] [PlayState] Session ended
=== Engine Log Ended ===
